<?xml version="1.0" encoding="UTF-8"?>
<!-- Generated by org.testng.reporters.JUnitReportReporter -->
<testsuite hostname="DESKTOP-M2G5583" failures="0" tests="4" name="test_scripts.TestAnnotationDemo" time="46.921" errors="2" timestamp="3 Jun 2020 11:53:33 GMT" skipped="0">
  <testcase classname="test_scripts.TestAnnotationDemo" name="m1" time="13.325">
    <error message="session not created
from chrome not reachable
  (Session info: chrome=83.0.4103.61)
Build info: version: &#039;3.141.59&#039;, revision: &#039;e82be7d358&#039;, time: &#039;2018-11-14T08:25:53&#039;
System info: host: &#039;DESKTOP-M2G5583&#039;, ip: &#039;192.168.43.251&#039;, os.name: &#039;Windows 10&#039;, os.arch: &#039;amd64&#039;, os.version: &#039;10.0&#039;, java.version: &#039;10.0.2&#039;
Driver info: driver.version: ChromeDriver
remote stacktrace: Backtrace:
	Ordinal0 [0x00719563+2725219]
	Ordinal0 [0x00618551+1672529]
	Ordinal0 [0x00500202+524802]
	Ordinal0 [0x004F99B2+498098]
	Ordinal0 [0x004FA09B+499867]
	Ordinal0 [0x004FAFF5+503797]
	Ordinal0 [0x004F6994+485780]
	Ordinal0 [0x00500FF0+528368]
	Ordinal0 [0x004AD6C9+186057]
	Ordinal0 [0x004ACA3D+182845]
	Ordinal0 [0x004AA94B+174411]
	Ordinal0 [0x00492528+75048]
	Ordinal0 [0x004935A0+79264]
	Ordinal0 [0x00493539+79161]
	Ordinal0 [0x0062D607+1758727]
	GetHandleVerifier [0x00836546+1050150]
	GetHandleVerifier [0x00836291+1049457]
	GetHandleVerifier [0x008410D7+1094071]
	GetHandleVerifier [0x00836B46+1051686]
	Ordinal0 [0x00625B06+1727238]
	Ordinal0 [0x0062EB7B+1764219]
	Ordinal0 [0x0062ECE3+1764579]
	Ordinal0 [0x00644C05+1854469]
	BaseThreadInitThunk [0x76AB6359+25]
	RtlGetAppContainerNamedObjectPath [0x76F07C24+228]
	RtlGetAppContainerNamedObjectPath [0x76F07BF4+180]
" type="org.openqa.selenium.SessionNotCreatedException">
      <![CDATA[org.openqa.selenium.SessionNotCreatedException: session not created
from chrome not reachable
  (Session info: chrome=83.0.4103.61)
Build info: version: '3.141.59', revision: 'e82be7d358', time: '2018-11-14T08:25:53'
System info: host: 'DESKTOP-M2G5583', ip: '192.168.43.251', os.name: 'Windows 10', os.arch: 'amd64', os.version: '10.0', java.version: '10.0.2'
Driver info: driver.version: ChromeDriver
remote stacktrace: Backtrace:
	Ordinal0 [0x00719563+2725219]
	Ordinal0 [0x00618551+1672529]
	Ordinal0 [0x00500202+524802]
	Ordinal0 [0x004F99B2+498098]
	Ordinal0 [0x004FA09B+499867]
	Ordinal0 [0x004FAFF5+503797]
	Ordinal0 [0x004F6994+485780]
	Ordinal0 [0x00500FF0+528368]
	Ordinal0 [0x004AD6C9+186057]
	Ordinal0 [0x004ACA3D+182845]
	Ordinal0 [0x004AA94B+174411]
	Ordinal0 [0x00492528+75048]
	Ordinal0 [0x004935A0+79264]
	Ordinal0 [0x00493539+79161]
	Ordinal0 [0x0062D607+1758727]
	GetHandleVerifier [0x00836546+1050150]
	GetHandleVerifier [0x00836291+1049457]
	GetHandleVerifier [0x008410D7+1094071]
	GetHandleVerifier [0x00836B46+1051686]
	Ordinal0 [0x00625B06+1727238]
	Ordinal0 [0x0062EB7B+1764219]
	Ordinal0 [0x0062ECE3+1764579]
	Ordinal0 [0x00644C05+1854469]
	BaseThreadInitThunk [0x76AB6359+25]
	RtlGetAppContainerNamedObjectPath [0x76F07C24+228]
	RtlGetAppContainerNamedObjectPath [0x76F07BF4+180]

	at java.base/jdk.internal.reflect.NativeConstructorAccessorImpl.newInstance0(Native Method)
	at java.base/jdk.internal.reflect.NativeConstructorAccessorImpl.newInstance(Unknown Source)
	at java.base/jdk.internal.reflect.DelegatingConstructorAccessorImpl.newInstance(Unknown Source)
	at java.base/java.lang.reflect.Constructor.newInstance(Unknown Source)
	at org.openqa.selenium.remote.W3CHandshakeResponse.lambda$errorHandler$0(W3CHandshakeResponse.java:62)
	at org.openqa.selenium.remote.HandshakeResponse.lambda$getResponseFunction$0(HandshakeResponse.java:30)
	at org.openqa.selenium.remote.ProtocolHandshake.lambda$createSession$0(ProtocolHandshake.java:126)
	at java.base/java.util.stream.ReferencePipeline$3$1.accept(Unknown Source)
	at java.base/java.util.Spliterators$ArraySpliterator.tryAdvance(Unknown Source)
	at java.base/java.util.stream.ReferencePipeline.forEachWithCancel(Unknown Source)
	at java.base/java.util.stream.AbstractPipeline.copyIntoWithCancel(Unknown Source)
	at java.base/java.util.stream.AbstractPipeline.copyInto(Unknown Source)
	at java.base/java.util.stream.AbstractPipeline.wrapAndCopyInto(Unknown Source)
	at java.base/java.util.stream.FindOps$FindOp.evaluateSequential(Unknown Source)
	at java.base/java.util.stream.AbstractPipeline.evaluate(Unknown Source)
	at java.base/java.util.stream.ReferencePipeline.findFirst(Unknown Source)
	at org.openqa.selenium.remote.ProtocolHandshake.createSession(ProtocolHandshake.java:128)
	at org.openqa.selenium.remote.ProtocolHandshake.createSession(ProtocolHandshake.java:74)
	at org.openqa.selenium.remote.HttpCommandExecutor.execute(HttpCommandExecutor.java:136)
	at org.openqa.selenium.remote.service.DriverCommandExecutor.execute(DriverCommandExecutor.java:83)
	at org.openqa.selenium.remote.RemoteWebDriver.execute(RemoteWebDriver.java:552)
	at org.openqa.selenium.remote.RemoteWebDriver.startSession(RemoteWebDriver.java:213)
	at org.openqa.selenium.remote.RemoteWebDriver.<init>(RemoteWebDriver.java:131)
	at org.openqa.selenium.chrome.ChromeDriver.<init>(ChromeDriver.java:181)
	at org.openqa.selenium.chrome.ChromeDriver.<init>(ChromeDriver.java:168)
	at org.openqa.selenium.chrome.ChromeDriver.<init>(ChromeDriver.java:123)
	at test_scripts.TestAnnotationDemo.m1(TestAnnotationDemo.java:18)
	at java.base/jdk.internal.reflect.NativeMethodAccessorImpl.invoke0(Native Method)
	at java.base/jdk.internal.reflect.NativeMethodAccessorImpl.invoke(Unknown Source)
	at java.base/jdk.internal.reflect.DelegatingMethodAccessorImpl.invoke(Unknown Source)
	at java.base/java.lang.reflect.Method.invoke(Unknown Source)
	at org.testng.internal.MethodInvocationHelper.invokeMethod(MethodInvocationHelper.java:100)
	at org.testng.internal.Invoker.invokeMethod(Invoker.java:646)
	at org.testng.internal.Invoker.invokeTestMethod(Invoker.java:811)
	at org.testng.internal.Invoker.invokeTestMethods(Invoker.java:1137)
	at org.testng.internal.TestMethodWorker.invokeTestMethods(TestMethodWorker.java:129)
	at org.testng.internal.TestMethodWorker.run(TestMethodWorker.java:112)
	at org.testng.TestRunner.privateRun(TestRunner.java:753)
	at org.testng.TestRunner.run(TestRunner.java:607)
	at org.testng.SuiteRunner.runTest(SuiteRunner.java:368)
	at org.testng.SuiteRunner.runSequentially(SuiteRunner.java:363)
	at org.testng.SuiteRunner.privateRun(SuiteRunner.java:321)
	at org.testng.SuiteRunner.run(SuiteRunner.java:270)
	at org.testng.SuiteRunnerWorker.runSuite(SuiteRunnerWorker.java:52)
	at org.testng.SuiteRunnerWorker.run(SuiteRunnerWorker.java:86)
	at org.testng.TestNG.runSuitesSequentially(TestNG.java:1284)
	at org.testng.TestNG.runSuitesLocally(TestNG.java:1209)
	at org.testng.TestNG.runSuites(TestNG.java:1124)
	at org.testng.TestNG.run(TestNG.java:1096)
	at org.testng.remote.AbstractRemoteTestNG.run(AbstractRemoteTestNG.java:132)
	at org.testng.remote.RemoteTestNG.initAndRun(RemoteTestNG.java:236)
	at org.testng.remote.RemoteTestNG.main(RemoteTestNG.java:81)
]]>
    </error>
  </testcase> <!-- m1 -->
  <testcase classname="test_scripts.TestAnnotationDemo" name="m5" time="10.603"/>
  <testcase classname="test_scripts.TestAnnotationDemo" name="m3" time="9.803"/>
  <testcase classname="test_scripts.TestAnnotationDemo" name="m1" time="13.190">
    <error message="session not created
from chrome not reachable
  (Session info: chrome=83.0.4103.61)
Build info: version: &#039;3.141.59&#039;, revision: &#039;e82be7d358&#039;, time: &#039;2018-11-14T08:25:53&#039;
System info: host: &#039;DESKTOP-M2G5583&#039;, ip: &#039;192.168.43.251&#039;, os.name: &#039;Windows 10&#039;, os.arch: &#039;amd64&#039;, os.version: &#039;10.0&#039;, java.version: &#039;10.0.2&#039;
Driver info: driver.version: ChromeDriver
remote stacktrace: Backtrace:
	Ordinal0 [0x00719563+2725219]
	Ordinal0 [0x00618551+1672529]
	Ordinal0 [0x00500202+524802]
	Ordinal0 [0x004F99B2+498098]
	Ordinal0 [0x004FA09B+499867]
	Ordinal0 [0x004FAFF5+503797]
	Ordinal0 [0x004F6994+485780]
	Ordinal0 [0x00500FF0+528368]
	Ordinal0 [0x004AD6C9+186057]
	Ordinal0 [0x004ACA3D+182845]
	Ordinal0 [0x004AA94B+174411]
	Ordinal0 [0x00492528+75048]
	Ordinal0 [0x004935A0+79264]
	Ordinal0 [0x00493539+79161]
	Ordinal0 [0x0062D607+1758727]
	GetHandleVerifier [0x00836546+1050150]
	GetHandleVerifier [0x00836291+1049457]
	GetHandleVerifier [0x008410D7+1094071]
	GetHandleVerifier [0x00836B46+1051686]
	Ordinal0 [0x00625B06+1727238]
	Ordinal0 [0x0062EB7B+1764219]
	Ordinal0 [0x0062ECE3+1764579]
	Ordinal0 [0x00644C05+1854469]
	BaseThreadInitThunk [0x76AB6359+25]
	RtlGetAppContainerNamedObjectPath [0x76F07C24+228]
	RtlGetAppContainerNamedObjectPath [0x76F07BF4+180]
" type="org.openqa.selenium.SessionNotCreatedException">
      <![CDATA[org.openqa.selenium.SessionNotCreatedException: session not created
from chrome not reachable
  (Session info: chrome=83.0.4103.61)
Build info: version: '3.141.59', revision: 'e82be7d358', time: '2018-11-14T08:25:53'
System info: host: 'DESKTOP-M2G5583', ip: '192.168.43.251', os.name: 'Windows 10', os.arch: 'amd64', os.version: '10.0', java.version: '10.0.2'
Driver info: driver.version: ChromeDriver
remote stacktrace: Backtrace:
	Ordinal0 [0x00719563+2725219]
	Ordinal0 [0x00618551+1672529]
	Ordinal0 [0x00500202+524802]
	Ordinal0 [0x004F99B2+498098]
	Ordinal0 [0x004FA09B+499867]
	Ordinal0 [0x004FAFF5+503797]
	Ordinal0 [0x004F6994+485780]
	Ordinal0 [0x00500FF0+528368]
	Ordinal0 [0x004AD6C9+186057]
	Ordinal0 [0x004ACA3D+182845]
	Ordinal0 [0x004AA94B+174411]
	Ordinal0 [0x00492528+75048]
	Ordinal0 [0x004935A0+79264]
	Ordinal0 [0x00493539+79161]
	Ordinal0 [0x0062D607+1758727]
	GetHandleVerifier [0x00836546+1050150]
	GetHandleVerifier [0x00836291+1049457]
	GetHandleVerifier [0x008410D7+1094071]
	GetHandleVerifier [0x00836B46+1051686]
	Ordinal0 [0x00625B06+1727238]
	Ordinal0 [0x0062EB7B+1764219]
	Ordinal0 [0x0062ECE3+1764579]
	Ordinal0 [0x00644C05+1854469]
	BaseThreadInitThunk [0x76AB6359+25]
	RtlGetAppContainerNamedObjectPath [0x76F07C24+228]
	RtlGetAppContainerNamedObjectPath [0x76F07BF4+180]

	at java.base/jdk.internal.reflect.NativeConstructorAccessorImpl.newInstance0(Native Method)
	at java.base/jdk.internal.reflect.NativeConstructorAccessorImpl.newInstance(Unknown Source)
	at java.base/jdk.internal.reflect.DelegatingConstructorAccessorImpl.newInstance(Unknown Source)
	at java.base/java.lang.reflect.Constructor.newInstance(Unknown Source)
	at org.openqa.selenium.remote.W3CHandshakeResponse.lambda$errorHandler$0(W3CHandshakeResponse.java:62)
	at org.openqa.selenium.remote.HandshakeResponse.lambda$getResponseFunction$0(HandshakeResponse.java:30)
	at org.openqa.selenium.remote.ProtocolHandshake.lambda$createSession$0(ProtocolHandshake.java:126)
	at java.base/java.util.stream.ReferencePipeline$3$1.accept(Unknown Source)
	at java.base/java.util.Spliterators$ArraySpliterator.tryAdvance(Unknown Source)
	at java.base/java.util.stream.ReferencePipeline.forEachWithCancel(Unknown Source)
	at java.base/java.util.stream.AbstractPipeline.copyIntoWithCancel(Unknown Source)
	at java.base/java.util.stream.AbstractPipeline.copyInto(Unknown Source)
	at java.base/java.util.stream.AbstractPipeline.wrapAndCopyInto(Unknown Source)
	at java.base/java.util.stream.FindOps$FindOp.evaluateSequential(Unknown Source)
	at java.base/java.util.stream.AbstractPipeline.evaluate(Unknown Source)
	at java.base/java.util.stream.ReferencePipeline.findFirst(Unknown Source)
	at org.openqa.selenium.remote.ProtocolHandshake.createSession(ProtocolHandshake.java:128)
	at org.openqa.selenium.remote.ProtocolHandshake.createSession(ProtocolHandshake.java:74)
	at org.openqa.selenium.remote.HttpCommandExecutor.execute(HttpCommandExecutor.java:136)
	at org.openqa.selenium.remote.service.DriverCommandExecutor.execute(DriverCommandExecutor.java:83)
	at org.openqa.selenium.remote.RemoteWebDriver.execute(RemoteWebDriver.java:552)
	at org.openqa.selenium.remote.RemoteWebDriver.startSession(RemoteWebDriver.java:213)
	at org.openqa.selenium.remote.RemoteWebDriver.<init>(RemoteWebDriver.java:131)
	at org.openqa.selenium.chrome.ChromeDriver.<init>(ChromeDriver.java:181)
	at org.openqa.selenium.chrome.ChromeDriver.<init>(ChromeDriver.java:168)
	at org.openqa.selenium.chrome.ChromeDriver.<init>(ChromeDriver.java:123)
	at test_scripts.TestAnnotationDemo.m1(TestAnnotationDemo.java:18)
	at java.base/jdk.internal.reflect.NativeMethodAccessorImpl.invoke0(Native Method)
	at java.base/jdk.internal.reflect.NativeMethodAccessorImpl.invoke(Unknown Source)
	at java.base/jdk.internal.reflect.DelegatingMethodAccessorImpl.invoke(Unknown Source)
	at java.base/java.lang.reflect.Method.invoke(Unknown Source)
	at org.testng.internal.MethodInvocationHelper.invokeMethod(MethodInvocationHelper.java:100)
	at org.testng.internal.Invoker.invokeMethod(Invoker.java:646)
	at org.testng.internal.Invoker.invokeTestMethod(Invoker.java:811)
	at org.testng.internal.Invoker.invokeTestMethods(Invoker.java:1137)
	at org.testng.internal.TestMethodWorker.invokeTestMethods(TestMethodWorker.java:129)
	at org.testng.internal.TestMethodWorker.run(TestMethodWorker.java:112)
	at org.testng.TestRunner.privateRun(TestRunner.java:753)
	at org.testng.TestRunner.run(TestRunner.java:607)
	at org.testng.SuiteRunner.runTest(SuiteRunner.java:368)
	at org.testng.SuiteRunner.runSequentially(SuiteRunner.java:363)
	at org.testng.SuiteRunner.privateRun(SuiteRunner.java:321)
	at org.testng.SuiteRunner.run(SuiteRunner.java:270)
	at org.testng.SuiteRunnerWorker.runSuite(SuiteRunnerWorker.java:52)
	at org.testng.SuiteRunnerWorker.run(SuiteRunnerWorker.java:86)
	at org.testng.TestNG.runSuitesSequentially(TestNG.java:1284)
	at org.testng.TestNG.runSuitesLocally(TestNG.java:1209)
	at org.testng.TestNG.runSuites(TestNG.java:1124)
	at org.testng.TestNG.run(TestNG.java:1096)
	at org.testng.remote.AbstractRemoteTestNG.run(AbstractRemoteTestNG.java:132)
	at org.testng.remote.RemoteTestNG.initAndRun(RemoteTestNG.java:236)
	at org.testng.remote.RemoteTestNG.main(RemoteTestNG.java:81)
]]>
    </error>
  </testcase> <!-- m1 -->
</testsuite> <!-- test_scripts.TestAnnotationDemo -->
